Watching for file changes with StatReloader
C:\Users\chiffka\Documents\Django_Course\myproject\myapp\views.py changed, reloading.
Watching for file changes with StatReloader
"GET /prefix/about/ HTTP/1.1" 200 27
"GET /prefix/ HTTP/1.1" 200 12
C:\Users\chiffka\Documents\Django_Course\myproject\myproject\settings.py changed, reloading.
Watching for file changes with StatReloader
Index page accessed
"GET /prefix/ HTTP/1.1" 200 12
Error in about page: division by zero
Traceback (most recent call last):
  File "C:\Users\chiffka\Documents\Django_Course\myproject\myapp\views.py", line 16, in about
    result = 1 / 0
             ~~^~~
ZeroDivisionError: division by zero
"GET /prefix/about/ HTTP/1.1" 200 27
C:\Users\chiffka\Documents\Django_Course\myproject\myproject\settings.py changed, reloading.
Watching for file changes with StatReloader
C:\Users\chiffka\Documents\Django_Course\myproject\myproject\settings.py changed, reloading.
Watching for file changes with StatReloader
C:\Users\chiffka\Documents\Django_Course\myproject\myproject\settings.py changed, reloading.
INFO 2025-01-22 16:24:13,076 autoreload 3664 12868 Watching for file changes with StatReloader
ERROR 2025-01-22 16:24:36,576 views 3664 9036 Error in about page: division by zero
Traceback (most recent call last):
  File "C:\Users\chiffka\Documents\Django_Course\myproject\myapp\views.py", line 16, in about
    result = 1 / 0
             ~~^~~
ZeroDivisionError: division by zero
INFO 2025-01-22 16:24:36,576 basehttp 3664 9036 "GET /prefix/about/ HTTP/1.1" 200 27
INFO 2025-01-22 16:24:52,224 views 3664 9036 Index page accessed
INFO 2025-01-22 16:24:52,224 basehttp 3664 9036 "GET /prefix/ HTTP/1.1" 200 12
INFO 2025-01-22 17:52:05,924 autoreload 1960 6560 Watching for file changes with StatReloader
INFO 2025-01-22 17:53:14,359 autoreload 17352 6808 Watching for file changes with StatReloader
INFO 2025-01-22 17:53:46,688 autoreload 12360 11400 Watching for file changes with StatReloader
INFO 2025-01-22 17:57:32,133 autoreload 15700 11844 Watching for file changes with StatReloader
INFO 2025-01-23 00:31:35,521 autoreload 8660 6756 Watching for file changes with StatReloader
WARNING 2025-01-23 00:31:37,731 log 8660 15184 Not Found: /
WARNING 2025-01-23 00:31:37,731 basehttp 8660 15184 "GET / HTTP/1.1" 404 2458
WARNING 2025-01-23 00:31:54,976 log 8660 15184 Not Found: /mvtu
WARNING 2025-01-23 00:31:54,978 basehttp 8660 15184 "GET /mvtu HTTP/1.1" 404 2488
WARNING 2025-01-23 00:32:11,761 log 8660 15184 Not Found: /mvtu/
WARNING 2025-01-23 00:32:11,768 basehttp 8660 15184 "GET /mvtu/ HTTP/1.1" 404 2861
INFO 2025-01-23 00:32:17,018 basehttp 8660 15184 "GET /mvtu/hello HTTP/1.1" 301 0
INFO 2025-01-23 00:32:17,028 basehttp 8660 9220 "GET /mvtu/hello/ HTTP/1.1" 200 26
INFO 2025-01-23 00:32:21,508 basehttp 8660 9220 "GET /mvtu/hello2/ HTTP/1.1" 200 23
INFO 2025-01-23 00:37:40,889 autoreload 8660 6756 C:\Users\chiffka\Documents\Django_Course\myproject\mvtuapp\urls.py changed, reloading.
INFO 2025-01-23 00:37:41,816 autoreload 13856 8576 Watching for file changes with StatReloader
INFO 2025-01-23 00:42:45,308 autoreload 13856 8576 C:\Users\chiffka\Documents\Django_Course\myproject\mvtuapp\views.py changed, reloading.
INFO 2025-01-23 00:42:45,814 autoreload 8476 5384 Watching for file changes with StatReloader
INFO 2025-01-23 00:43:06,471 autoreload 8476 5384 C:\Users\chiffka\Documents\Django_Course\myproject\mvtuapp\views.py changed, reloading.
INFO 2025-01-23 00:43:06,995 autoreload 7124 12152 Watching for file changes with StatReloader
INFO 2025-01-23 00:46:21,362 autoreload 7124 12152 C:\Users\chiffka\Documents\Django_Course\myproject\mvtuapp\views.py changed, reloading.
INFO 2025-01-23 00:46:22,185 autoreload 12396 15168 Watching for file changes with StatReloader
INFO 2025-01-23 00:47:19,991 autoreload 12396 15168 C:\Users\chiffka\Documents\Django_Course\myproject\mvtuapp\views.py changed, reloading.
INFO 2025-01-23 00:47:20,500 autoreload 11876 15120 Watching for file changes with StatReloader
INFO 2025-01-23 00:48:31,706 autoreload 11876 15120 C:\Users\chiffka\Documents\Django_Course\myproject\mvtuapp\views.py changed, reloading.
INFO 2025-01-23 00:48:32,397 autoreload 6808 7244 Watching for file changes with StatReloader
INFO 2025-01-23 00:49:45,629 autoreload 6808 7244 C:\Users\chiffka\Documents\Django_Course\myproject\mvtuapp\views.py changed, reloading.
INFO 2025-01-23 00:49:46,568 autoreload 11964 9828 Watching for file changes with StatReloader
WARNING 2025-01-23 00:49:51,000 log 11964 16508 Not Found: /mvtu/posts/
WARNING 2025-01-23 00:49:51,000 basehttp 11964 16508 "GET /mvtu/posts/ HTTP/1.1" 404 3773
INFO 2025-01-23 00:49:57,786 basehttp 11964 16508 "GET /mvtu/posts/2022 HTTP/1.1" 301 0
INFO 2025-01-23 00:49:57,786 basehttp 11964 8380 "GET /mvtu/posts/2022/ HTTP/1.1" 200 19
INFO 2025-01-23 00:50:05,936 basehttp 11964 8380 "GET /mvtu/posts/2023/5 HTTP/1.1" 301 0
INFO 2025-01-23 00:50:05,951 basehttp 11964 14496 "GET /mvtu/posts/2023/5/ HTTP/1.1" 200 21
INFO 2025-01-23 00:55:07,405 autoreload 11964 9828 C:\Users\chiffka\Documents\Django_Course\myproject\mvtuapp\views.py changed, reloading.
INFO 2025-01-23 00:55:08,335 autoreload 16828 7616 Watching for file changes with StatReloader
INFO 2025-01-23 00:56:14,014 basehttp 16828 16900 "GET /mvtu/posts/2023/5/ghdb45 HTTP/1.1" 301 0
INFO 2025-01-23 00:56:14,024 basehttp 16828 13876 "GET /mvtu/posts/2023/5/ghdb45/ HTTP/1.1" 200 360
INFO 2025-01-23 01:11:55,386 autoreload 11684 7468 Watching for file changes with StatReloader
ERROR 2025-01-23 01:12:08,660 log 11684 16136 Internal Server Error: /mvtu/my_view
Traceback (most recent call last):
  File "C:\Users\chiffka\Documents\Django_Course\venv\Lib\site-packages\django\core\handlers\exception.py", line 55, in inner
    response = get_response(request)
               ^^^^^^^^^^^^^^^^^^^^^
  File "C:\Users\chiffka\Documents\Django_Course\venv\Lib\site-packages\django\core\handlers\base.py", line 197, in _get_response
    response = wrapped_callback(request, *callback_args, **callback_kwargs)
               ^^^^^^^^^^^^^^^^^^^^^^^^^^^^^^^^^^^^^^^^^^^^^^^^^^^^^^^^^^^^
  File "C:\Users\chiffka\Documents\Django_Course\myproject\mvtuapp\views.py", line 44, in my_view
    return render(request, "mvtuapp.my_template.html", context)
           ^^^^^^^^^^^^^^^^^^^^^^^^^^^^^^^^^^^^^^^^^^^^^^^^^^^^
  File "C:\Users\chiffka\Documents\Django_Course\venv\Lib\site-packages\django\shortcuts.py", line 25, in render
    content = loader.render_to_string(template_name, context, request, using=using)
              ^^^^^^^^^^^^^^^^^^^^^^^^^^^^^^^^^^^^^^^^^^^^^^^^^^^^^^^^^^^^^^^^^^^^^
  File "C:\Users\chiffka\Documents\Django_Course\venv\Lib\site-packages\django\template\loader.py", line 61, in render_to_string
    template = get_template(template_name, using=using)
               ^^^^^^^^^^^^^^^^^^^^^^^^^^^^^^^^^^^^^^^^
  File "C:\Users\chiffka\Documents\Django_Course\venv\Lib\site-packages\django\template\loader.py", line 19, in get_template
    raise TemplateDoesNotExist(template_name, chain=chain)
django.template.exceptions.TemplateDoesNotExist: mvtuapp.my_template.html
ERROR 2025-01-23 01:12:08,664 basehttp 11684 16136 "GET /mvtu/my_view HTTP/1.1" 500 80275
INFO 2025-01-23 01:13:15,727 autoreload 11684 7468 C:\Users\chiffka\Documents\Django_Course\myproject\mvtuapp\urls.py changed, reloading.
INFO 2025-01-23 01:13:16,903 autoreload 14932 16592 Watching for file changes with StatReloader
INFO 2025-01-23 01:13:22,407 basehttp 14932 12092 "GET /mvtu/my_view HTTP/1.1" 301 0
ERROR 2025-01-23 01:13:22,461 log 14932 3380 Internal Server Error: /mvtu/my_view/
Traceback (most recent call last):
  File "C:\Users\chiffka\Documents\Django_Course\venv\Lib\site-packages\django\core\handlers\exception.py", line 55, in inner
    response = get_response(request)
               ^^^^^^^^^^^^^^^^^^^^^
  File "C:\Users\chiffka\Documents\Django_Course\venv\Lib\site-packages\django\core\handlers\base.py", line 197, in _get_response
    response = wrapped_callback(request, *callback_args, **callback_kwargs)
               ^^^^^^^^^^^^^^^^^^^^^^^^^^^^^^^^^^^^^^^^^^^^^^^^^^^^^^^^^^^^
  File "C:\Users\chiffka\Documents\Django_Course\myproject\mvtuapp\views.py", line 44, in my_view
    return render(request, "mvtuapp.my_template.html", context)
           ^^^^^^^^^^^^^^^^^^^^^^^^^^^^^^^^^^^^^^^^^^^^^^^^^^^^
  File "C:\Users\chiffka\Documents\Django_Course\venv\Lib\site-packages\django\shortcuts.py", line 25, in render
    content = loader.render_to_string(template_name, context, request, using=using)
              ^^^^^^^^^^^^^^^^^^^^^^^^^^^^^^^^^^^^^^^^^^^^^^^^^^^^^^^^^^^^^^^^^^^^^
  File "C:\Users\chiffka\Documents\Django_Course\venv\Lib\site-packages\django\template\loader.py", line 61, in render_to_string
    template = get_template(template_name, using=using)
               ^^^^^^^^^^^^^^^^^^^^^^^^^^^^^^^^^^^^^^^^
  File "C:\Users\chiffka\Documents\Django_Course\venv\Lib\site-packages\django\template\loader.py", line 19, in get_template
    raise TemplateDoesNotExist(template_name, chain=chain)
django.template.exceptions.TemplateDoesNotExist: mvtuapp.my_template.html
ERROR 2025-01-23 01:13:22,461 basehttp 14932 3380 "GET /mvtu/my_view/ HTTP/1.1" 500 80424
INFO 2025-01-23 01:14:51,620 autoreload 14932 16592 C:\Users\chiffka\Documents\Django_Course\myproject\mvtuapp\urls.py changed, reloading.
INFO 2025-01-23 01:14:52,366 autoreload 6948 17024 Watching for file changes with StatReloader
INFO 2025-01-23 01:15:22,875 basehttp 6948 14876 "GET /mvtu HTTP/1.1" 301 0
ERROR 2025-01-23 01:15:22,949 log 6948 368 Internal Server Error: /mvtu/
Traceback (most recent call last):
  File "C:\Users\chiffka\Documents\Django_Course\venv\Lib\site-packages\django\core\handlers\exception.py", line 55, in inner
    response = get_response(request)
               ^^^^^^^^^^^^^^^^^^^^^
  File "C:\Users\chiffka\Documents\Django_Course\venv\Lib\site-packages\django\core\handlers\base.py", line 197, in _get_response
    response = wrapped_callback(request, *callback_args, **callback_kwargs)
               ^^^^^^^^^^^^^^^^^^^^^^^^^^^^^^^^^^^^^^^^^^^^^^^^^^^^^^^^^^^^
  File "C:\Users\chiffka\Documents\Django_Course\myproject\mvtuapp\views.py", line 44, in my_view
    return render(request, "mvtuapp.my_template.html", context)
           ^^^^^^^^^^^^^^^^^^^^^^^^^^^^^^^^^^^^^^^^^^^^^^^^^^^^
  File "C:\Users\chiffka\Documents\Django_Course\venv\Lib\site-packages\django\shortcuts.py", line 25, in render
    content = loader.render_to_string(template_name, context, request, using=using)
              ^^^^^^^^^^^^^^^^^^^^^^^^^^^^^^^^^^^^^^^^^^^^^^^^^^^^^^^^^^^^^^^^^^^^^
  File "C:\Users\chiffka\Documents\Django_Course\venv\Lib\site-packages\django\template\loader.py", line 61, in render_to_string
    template = get_template(template_name, using=using)
               ^^^^^^^^^^^^^^^^^^^^^^^^^^^^^^^^^^^^^^^^
  File "C:\Users\chiffka\Documents\Django_Course\venv\Lib\site-packages\django\template\loader.py", line 19, in get_template
    raise TemplateDoesNotExist(template_name, chain=chain)
django.template.exceptions.TemplateDoesNotExist: mvtuapp.my_template.html
ERROR 2025-01-23 01:15:22,956 basehttp 6948 368 "GET /mvtu/ HTTP/1.1" 500 80191
INFO 2025-01-23 01:19:19,528 autoreload 6948 17024 C:\Users\chiffka\Documents\Django_Course\myproject\mvtuapp\views.py changed, reloading.
INFO 2025-01-23 01:19:20,704 autoreload 3052 11836 Watching for file changes with StatReloader
INFO 2025-01-23 01:19:24,199 basehttp 3052 12856 "GET /mvtu/ HTTP/1.1" 200 177
INFO 2025-01-23 01:29:26,900 autoreload 3052 11836 C:\Users\chiffka\Documents\Django_Course\myproject\mvtuapp\views.py changed, reloading.
INFO 2025-01-23 01:29:27,479 autoreload 15324 14800 Watching for file changes with StatReloader
INFO 2025-01-23 01:30:01,817 autoreload 15324 14800 C:\Users\chiffka\Documents\Django_Course\myproject\mvtuapp\views.py changed, reloading.
INFO 2025-01-23 01:30:02,571 autoreload 236 15512 Watching for file changes with StatReloader
INFO 2025-01-23 01:32:32,884 autoreload 236 15512 C:\Users\chiffka\Documents\Django_Course\myproject\mvtuapp\views.py changed, reloading.
INFO 2025-01-23 01:32:33,565 autoreload 3696 7388 Watching for file changes with StatReloader
INFO 2025-01-23 01:35:48,569 autoreload 3696 7388 C:\Users\chiffka\Documents\Django_Course\myproject\mvtuapp\urls.py changed, reloading.
INFO 2025-01-23 01:35:49,387 autoreload 14408 9488 Watching for file changes with StatReloader
INFO 2025-01-23 01:35:59,661 basehttp 14408 15048 "GET /mvtu/if HTTP/1.1" 301 0
INFO 2025-01-23 01:35:59,671 basehttp 14408 16620 "GET /mvtu/if/ HTTP/1.1" 200 417
INFO 2025-01-23 01:48:47,334 autoreload 14408 9488 C:\Users\chiffka\Documents\Django_Course\myproject\mvtuapp\views.py changed, reloading.
INFO 2025-01-23 01:48:47,952 autoreload 13156 16708 Watching for file changes with StatReloader
INFO 2025-01-23 01:51:57,787 autoreload 13156 16708 C:\Users\chiffka\Documents\Django_Course\myproject\mvtuapp\urls.py changed, reloading.
INFO 2025-01-23 01:51:58,914 autoreload 12360 3484 Watching for file changes with StatReloader
INFO 2025-01-23 01:52:05,736 basehttp 12360 12056 "GET /mvtu/for HTTP/1.1" 301 0
INFO 2025-01-23 01:52:05,746 basehttp 12360 15376 "GET /mvtu/for/ HTTP/1.1" 200 702
INFO 2025-01-23 14:10:58,812 autoreload 10320 18312 Watching for file changes with StatReloader
ERROR 2025-01-23 14:11:07,881 log 10320 16540 Internal Server Error: /mvtu/
Traceback (most recent call last):
  File "C:\Users\chiffka\Documents\Django_Course\venv\Lib\site-packages\django\core\handlers\exception.py", line 55, in inner
    response = get_response(request)
               ^^^^^^^^^^^^^^^^^^^^^
  File "C:\Users\chiffka\Documents\Django_Course\venv\Lib\site-packages\django\core\handlers\base.py", line 197, in _get_response
    response = wrapped_callback(request, *callback_args, **callback_kwargs)
               ^^^^^^^^^^^^^^^^^^^^^^^^^^^^^^^^^^^^^^^^^^^^^^^^^^^^^^^^^^^^
  File "C:\Users\chiffka\Documents\Django_Course\myproject\mvtuapp\views.py", line 72, in index
    return render(request, "mvtapp/index.htm")
           ^^^^^^^^^^^^^^^^^^^^^^^^^^^^^^^^^^^
  File "C:\Users\chiffka\Documents\Django_Course\venv\Lib\site-packages\django\shortcuts.py", line 25, in render
    content = loader.render_to_string(template_name, context, request, using=using)
              ^^^^^^^^^^^^^^^^^^^^^^^^^^^^^^^^^^^^^^^^^^^^^^^^^^^^^^^^^^^^^^^^^^^^^
  File "C:\Users\chiffka\Documents\Django_Course\venv\Lib\site-packages\django\template\loader.py", line 61, in render_to_string
    template = get_template(template_name, using=using)
               ^^^^^^^^^^^^^^^^^^^^^^^^^^^^^^^^^^^^^^^^
  File "C:\Users\chiffka\Documents\Django_Course\venv\Lib\site-packages\django\template\loader.py", line 19, in get_template
    raise TemplateDoesNotExist(template_name, chain=chain)
django.template.exceptions.TemplateDoesNotExist: mvtapp/index.htm
ERROR 2025-01-23 14:11:07,885 basehttp 10320 16540 "GET /mvtu/ HTTP/1.1" 500 80463
INFO 2025-01-23 14:11:27,047 autoreload 10320 18312 C:\Users\chiffka\Documents\Django_Course\myproject\mvtuapp\views.py changed, reloading.
INFO 2025-01-23 14:11:27,684 autoreload 10580 7260 Watching for file changes with StatReloader
ERROR 2025-01-23 14:11:32,847 log 10580 18708 Internal Server Error: /mvtu/
Traceback (most recent call last):
  File "C:\Users\chiffka\Documents\Django_Course\venv\Lib\site-packages\django\core\handlers\exception.py", line 55, in inner
    response = get_response(request)
               ^^^^^^^^^^^^^^^^^^^^^
  File "C:\Users\chiffka\Documents\Django_Course\venv\Lib\site-packages\django\core\handlers\base.py", line 197, in _get_response
    response = wrapped_callback(request, *callback_args, **callback_kwargs)
               ^^^^^^^^^^^^^^^^^^^^^^^^^^^^^^^^^^^^^^^^^^^^^^^^^^^^^^^^^^^^
  File "C:\Users\chiffka\Documents\Django_Course\myproject\mvtuapp\views.py", line 72, in index
    return render(request, "mvtapp/index.html")
           ^^^^^^^^^^^^^^^^^^^^^^^^^^^^^^^^^^^^
  File "C:\Users\chiffka\Documents\Django_Course\venv\Lib\site-packages\django\shortcuts.py", line 25, in render
    content = loader.render_to_string(template_name, context, request, using=using)
              ^^^^^^^^^^^^^^^^^^^^^^^^^^^^^^^^^^^^^^^^^^^^^^^^^^^^^^^^^^^^^^^^^^^^^
  File "C:\Users\chiffka\Documents\Django_Course\venv\Lib\site-packages\django\template\loader.py", line 61, in render_to_string
    template = get_template(template_name, using=using)
               ^^^^^^^^^^^^^^^^^^^^^^^^^^^^^^^^^^^^^^^^
  File "C:\Users\chiffka\Documents\Django_Course\venv\Lib\site-packages\django\template\loader.py", line 19, in get_template
    raise TemplateDoesNotExist(template_name, chain=chain)
django.template.exceptions.TemplateDoesNotExist: mvtapp/index.html
ERROR 2025-01-23 14:11:32,858 basehttp 10580 18708 "GET /mvtu/ HTTP/1.1" 500 80618
INFO 2025-01-23 14:12:07,338 autoreload 10580 7260 C:\Users\chiffka\Documents\Django_Course\myproject\mvtuapp\views.py changed, reloading.
INFO 2025-01-23 14:12:08,486 autoreload 6944 15664 Watching for file changes with StatReloader
INFO 2025-01-23 14:12:12,488 basehttp 6944 14684 "GET /mvtu/ HTTP/1.1" 200 250
INFO 2025-01-23 14:12:18,121 basehttp 6944 14684 "GET /mvtu/about HTTP/1.1" 200 259
INFO 2025-01-23 14:14:46,304 autoreload 6944 15664 C:\Users\chiffka\Documents\Django_Course\myproject\myproject\settings.py changed, reloading.
INFO 2025-01-23 14:14:47,334 autoreload 17360 18916 Watching for file changes with StatReloader
INFO 2025-01-23 14:18:31,131 basehttp 17360 14968 "GET /mvtu/ HTTP/1.1" 200 310
INFO 2025-01-23 14:20:48,853 autoreload 17360 18916 C:\Users\chiffka\Documents\Django_Course\myproject\myproject\urls.py changed, reloading.
INFO 2025-01-23 14:20:49,515 autoreload 16140 18908 Watching for file changes with StatReloader
INFO 2025-01-23 14:21:40,359 autoreload 16140 18908 C:\Users\chiffka\Documents\Django_Course\myproject\mvtuapp\urls.py changed, reloading.
INFO 2025-01-23 14:21:41,166 autoreload 1736 16112 Watching for file changes with StatReloader
INFO 2025-01-23 14:21:47,237 basehttp 1736 17500 "GET /mvtu/about HTTP/1.1" 301 0
INFO 2025-01-23 14:21:47,237 basehttp 1736 18724 "GET /mvtu/about/ HTTP/1.1" 200 259
INFO 2025-01-23 14:21:54,264 basehttp 1736 18724 "GET /mvtu/index HTTP/1.1" 301 0
INFO 2025-01-23 14:21:54,279 basehttp 1736 9412 "GET /mvtu/index/ HTTP/1.1" 200 310
INFO 2025-01-23 14:21:57,763 basehttp 1736 9412 "GET /mvtu/ HTTP/1.1" 200 177
INFO 2025-01-23 14:22:09,476 autoreload 1736 16112 C:\Users\chiffka\Documents\Django_Course\myproject\myproject\urls.py changed, reloading.
INFO 2025-01-23 14:22:10,001 autoreload 10600 16652 Watching for file changes with StatReloader
INFO 2025-01-23 14:22:13,838 basehttp 10600 3592 "GET /mvtu/about/ HTTP/1.1" 200 259
INFO 2025-01-23 14:22:17,934 basehttp 10600 3592 "GET /mvtu/ HTTP/1.1" 200 177
INFO 2025-01-23 14:24:07,284 autoreload 10600 16652 C:\Users\chiffka\Documents\Django_Course\myproject\myproject\urls.py changed, reloading.
INFO 2025-01-23 14:24:08,330 autoreload 19220 9008 Watching for file changes with StatReloader
INFO 2025-01-23 14:24:31,096 autoreload 19220 9008 C:\Users\chiffka\Documents\Django_Course\myproject\myproject\urls.py changed, reloading.
INFO 2025-01-23 14:24:32,230 autoreload 17488 7124 Watching for file changes with StatReloader
INFO 2025-01-23 14:24:39,406 basehttp 17488 11992 "GET / HTTP/1.1" 200 310
INFO 2025-01-23 15:19:55,868 autoreload 19052 7500 Watching for file changes with StatReloader
INFO 2025-01-23 15:20:16,617 basehttp 19052 11088 "GET /mvtu/author/3 HTTP/1.1" 301 0
ERROR 2025-01-23 15:20:16,767 log 19052 17824 Internal Server Error: /mvtu/author/3/
Traceback (most recent call last):
  File "C:\Users\chiffka\Documents\Django_Course\venv\Lib\site-packages\django\core\handlers\exception.py", line 55, in inner
    response = get_response(request)
               ^^^^^^^^^^^^^^^^^^^^^
  File "C:\Users\chiffka\Documents\Django_Course\venv\Lib\site-packages\django\core\handlers\base.py", line 197, in _get_response
    response = wrapped_callback(request, *callback_args, **callback_kwargs)
               ^^^^^^^^^^^^^^^^^^^^^^^^^^^^^^^^^^^^^^^^^^^^^^^^^^^^^^^^^^^^
  File "C:\Users\chiffka\Documents\Django_Course\myproject\mvtuapp\views.py", line 85, in author_posts
    return render(request, 'mvtuapp/author_posts.html', {'author': author, 'posts': posts})
           ^^^^^^^^^^^^^^^^^^^^^^^^^^^^^^^^^^^^^^^^^^^^^^^^^^^^^^^^^^^^^^^^^^^^^^^^^^^^^^^^
  File "C:\Users\chiffka\Documents\Django_Course\venv\Lib\site-packages\django\shortcuts.py", line 25, in render
    content = loader.render_to_string(template_name, context, request, using=using)
              ^^^^^^^^^^^^^^^^^^^^^^^^^^^^^^^^^^^^^^^^^^^^^^^^^^^^^^^^^^^^^^^^^^^^^
  File "C:\Users\chiffka\Documents\Django_Course\venv\Lib\site-packages\django\template\loader.py", line 62, in render_to_string
    return template.render(context, request)
           ^^^^^^^^^^^^^^^^^^^^^^^^^^^^^^^^^
  File "C:\Users\chiffka\Documents\Django_Course\venv\Lib\site-packages\django\template\backends\django.py", line 107, in render
    return self.template.render(context)
           ^^^^^^^^^^^^^^^^^^^^^^^^^^^^^
  File "C:\Users\chiffka\Documents\Django_Course\venv\Lib\site-packages\django\template\base.py", line 171, in render
    return self._render(context)
           ^^^^^^^^^^^^^^^^^^^^^
  File "C:\Users\chiffka\Documents\Django_Course\venv\Lib\site-packages\django\template\base.py", line 163, in _render
    return self.nodelist.render(context)
           ^^^^^^^^^^^^^^^^^^^^^^^^^^^^^
  File "C:\Users\chiffka\Documents\Django_Course\venv\Lib\site-packages\django\template\base.py", line 1008, in render
    return SafeString("".join([node.render_annotated(context) for node in self]))
                               ^^^^^^^^^^^^^^^^^^^^^^^^^^^^^^
  File "C:\Users\chiffka\Documents\Django_Course\venv\Lib\site-packages\django\template\base.py", line 969, in render_annotated
    return self.render(context)
           ^^^^^^^^^^^^^^^^^^^^
  File "C:\Users\chiffka\Documents\Django_Course\venv\Lib\site-packages\django\template\loader_tags.py", line 159, in render
    return compiled_parent._render(context)
           ^^^^^^^^^^^^^^^^^^^^^^^^^^^^^^^^
  File "C:\Users\chiffka\Documents\Django_Course\venv\Lib\site-packages\django\template\base.py", line 163, in _render
    return self.nodelist.render(context)
           ^^^^^^^^^^^^^^^^^^^^^^^^^^^^^
  File "C:\Users\chiffka\Documents\Django_Course\venv\Lib\site-packages\django\template\base.py", line 1008, in render
    return SafeString("".join([node.render_annotated(context) for node in self]))
                               ^^^^^^^^^^^^^^^^^^^^^^^^^^^^^^
  File "C:\Users\chiffka\Documents\Django_Course\venv\Lib\site-packages\django\template\base.py", line 969, in render_annotated
    return self.render(context)
           ^^^^^^^^^^^^^^^^^^^^
  File "C:\Users\chiffka\Documents\Django_Course\venv\Lib\site-packages\django\template\loader_tags.py", line 65, in render
    result = block.nodelist.render(context)
             ^^^^^^^^^^^^^^^^^^^^^^^^^^^^^^
  File "C:\Users\chiffka\Documents\Django_Course\venv\Lib\site-packages\django\template\base.py", line 1008, in render
    return SafeString("".join([node.render_annotated(context) for node in self]))
                               ^^^^^^^^^^^^^^^^^^^^^^^^^^^^^^
  File "C:\Users\chiffka\Documents\Django_Course\venv\Lib\site-packages\django\template\base.py", line 969, in render_annotated
    return self.render(context)
           ^^^^^^^^^^^^^^^^^^^^
  File "C:\Users\chiffka\Documents\Django_Course\venv\Lib\site-packages\django\template\defaulttags.py", line 243, in render
    nodelist.append(node.render_annotated(context))
                    ^^^^^^^^^^^^^^^^^^^^^^^^^^^^^^
  File "C:\Users\chiffka\Documents\Django_Course\venv\Lib\site-packages\django\template\base.py", line 969, in render_annotated
    return self.render(context)
           ^^^^^^^^^^^^^^^^^^^^
  File "C:\Users\chiffka\Documents\Django_Course\venv\Lib\site-packages\django\template\defaulttags.py", line 480, in render
    url = reverse(view_name, args=args, kwargs=kwargs, current_app=current_app)
          ^^^^^^^^^^^^^^^^^^^^^^^^^^^^^^^^^^^^^^^^^^^^^^^^^^^^^^^^^^^^^^^^^^^^^
  File "C:\Users\chiffka\Documents\Django_Course\venv\Lib\site-packages\django\urls\base.py", line 88, in reverse
    return resolver._reverse_with_prefix(view, prefix, *args, **kwargs)
           ^^^^^^^^^^^^^^^^^^^^^^^^^^^^^^^^^^^^^^^^^^^^^^^^^^^^^^^^^^^^
  File "C:\Users\chiffka\Documents\Django_Course\venv\Lib\site-packages\django\urls\resolvers.py", line 831, in _reverse_with_prefix
    raise NoReverseMatch(msg)
django.urls.exceptions.NoReverseMatch: Reverse for 'post_full' with arguments '('',)' not found. 1 pattern(s) tried: ['mvtu/post/(?P<post_id>[0-9]+)/\\Z']
ERROR 2025-01-23 15:20:16,775 basehttp 19052 17824 "GET /mvtu/author/3/ HTTP/1.1" 500 165439
ERROR 2025-01-23 15:22:43,449 log 19052 17824 Internal Server Error: /mvtu/author/3/
Traceback (most recent call last):
  File "C:\Users\chiffka\Documents\Django_Course\venv\Lib\site-packages\django\core\handlers\exception.py", line 55, in inner
    response = get_response(request)
               ^^^^^^^^^^^^^^^^^^^^^
  File "C:\Users\chiffka\Documents\Django_Course\venv\Lib\site-packages\django\core\handlers\base.py", line 197, in _get_response
    response = wrapped_callback(request, *callback_args, **callback_kwargs)
               ^^^^^^^^^^^^^^^^^^^^^^^^^^^^^^^^^^^^^^^^^^^^^^^^^^^^^^^^^^^^
  File "C:\Users\chiffka\Documents\Django_Course\myproject\mvtuapp\views.py", line 85, in author_posts
    return render(request, 'mvtuapp/author_posts.html', {'author': author, 'posts': posts})
           ^^^^^^^^^^^^^^^^^^^^^^^^^^^^^^^^^^^^^^^^^^^^^^^^^^^^^^^^^^^^^^^^^^^^^^^^^^^^^^^^
  File "C:\Users\chiffka\Documents\Django_Course\venv\Lib\site-packages\django\shortcuts.py", line 25, in render
    content = loader.render_to_string(template_name, context, request, using=using)
              ^^^^^^^^^^^^^^^^^^^^^^^^^^^^^^^^^^^^^^^^^^^^^^^^^^^^^^^^^^^^^^^^^^^^^
  File "C:\Users\chiffka\Documents\Django_Course\venv\Lib\site-packages\django\template\loader.py", line 62, in render_to_string
    return template.render(context, request)
           ^^^^^^^^^^^^^^^^^^^^^^^^^^^^^^^^^
  File "C:\Users\chiffka\Documents\Django_Course\venv\Lib\site-packages\django\template\backends\django.py", line 107, in render
    return self.template.render(context)
           ^^^^^^^^^^^^^^^^^^^^^^^^^^^^^
  File "C:\Users\chiffka\Documents\Django_Course\venv\Lib\site-packages\django\template\base.py", line 171, in render
    return self._render(context)
           ^^^^^^^^^^^^^^^^^^^^^
  File "C:\Users\chiffka\Documents\Django_Course\venv\Lib\site-packages\django\template\base.py", line 163, in _render
    return self.nodelist.render(context)
           ^^^^^^^^^^^^^^^^^^^^^^^^^^^^^
  File "C:\Users\chiffka\Documents\Django_Course\venv\Lib\site-packages\django\template\base.py", line 1008, in render
    return SafeString("".join([node.render_annotated(context) for node in self]))
                               ^^^^^^^^^^^^^^^^^^^^^^^^^^^^^^
  File "C:\Users\chiffka\Documents\Django_Course\venv\Lib\site-packages\django\template\base.py", line 969, in render_annotated
    return self.render(context)
           ^^^^^^^^^^^^^^^^^^^^
  File "C:\Users\chiffka\Documents\Django_Course\venv\Lib\site-packages\django\template\loader_tags.py", line 159, in render
    return compiled_parent._render(context)
           ^^^^^^^^^^^^^^^^^^^^^^^^^^^^^^^^
  File "C:\Users\chiffka\Documents\Django_Course\venv\Lib\site-packages\django\template\base.py", line 163, in _render
    return self.nodelist.render(context)
           ^^^^^^^^^^^^^^^^^^^^^^^^^^^^^
  File "C:\Users\chiffka\Documents\Django_Course\venv\Lib\site-packages\django\template\base.py", line 1008, in render
    return SafeString("".join([node.render_annotated(context) for node in self]))
                               ^^^^^^^^^^^^^^^^^^^^^^^^^^^^^^
  File "C:\Users\chiffka\Documents\Django_Course\venv\Lib\site-packages\django\template\base.py", line 969, in render_annotated
    return self.render(context)
           ^^^^^^^^^^^^^^^^^^^^
  File "C:\Users\chiffka\Documents\Django_Course\venv\Lib\site-packages\django\template\loader_tags.py", line 65, in render
    result = block.nodelist.render(context)
             ^^^^^^^^^^^^^^^^^^^^^^^^^^^^^^
  File "C:\Users\chiffka\Documents\Django_Course\venv\Lib\site-packages\django\template\base.py", line 1008, in render
    return SafeString("".join([node.render_annotated(context) for node in self]))
                               ^^^^^^^^^^^^^^^^^^^^^^^^^^^^^^
  File "C:\Users\chiffka\Documents\Django_Course\venv\Lib\site-packages\django\template\base.py", line 969, in render_annotated
    return self.render(context)
           ^^^^^^^^^^^^^^^^^^^^
  File "C:\Users\chiffka\Documents\Django_Course\venv\Lib\site-packages\django\template\defaulttags.py", line 243, in render
    nodelist.append(node.render_annotated(context))
                    ^^^^^^^^^^^^^^^^^^^^^^^^^^^^^^
  File "C:\Users\chiffka\Documents\Django_Course\venv\Lib\site-packages\django\template\base.py", line 969, in render_annotated
    return self.render(context)
           ^^^^^^^^^^^^^^^^^^^^
  File "C:\Users\chiffka\Documents\Django_Course\venv\Lib\site-packages\django\template\defaulttags.py", line 480, in render
    url = reverse(view_name, args=args, kwargs=kwargs, current_app=current_app)
          ^^^^^^^^^^^^^^^^^^^^^^^^^^^^^^^^^^^^^^^^^^^^^^^^^^^^^^^^^^^^^^^^^^^^^
  File "C:\Users\chiffka\Documents\Django_Course\venv\Lib\site-packages\django\urls\base.py", line 88, in reverse
    return resolver._reverse_with_prefix(view, prefix, *args, **kwargs)
           ^^^^^^^^^^^^^^^^^^^^^^^^^^^^^^^^^^^^^^^^^^^^^^^^^^^^^^^^^^^^
  File "C:\Users\chiffka\Documents\Django_Course\venv\Lib\site-packages\django\urls\resolvers.py", line 831, in _reverse_with_prefix
    raise NoReverseMatch(msg)
django.urls.exceptions.NoReverseMatch: Reverse for 'post_full' with arguments '('',)' not found. 1 pattern(s) tried: ['mvtu/post/(?P<post_id>[0-9]+)/\\Z']
ERROR 2025-01-23 15:22:43,464 basehttp 19052 17824 "GET /mvtu/author/3/ HTTP/1.1" 500 165554
INFO 2025-01-23 15:24:06,568 basehttp 19052 17824 "GET /mvtu/author/3/ HTTP/1.1" 200 1531
INFO 2025-01-23 15:24:10,500 basehttp 19052 17824 "GET /mvtu/post/27/ HTTP/1.1" 200 1123
INFO 2025-01-23 15:24:14,542 basehttp 19052 17824 "GET /mvtu/post/26/ HTTP/1.1" 200 1082
INFO 2025-01-23 15:24:21,690 basehttp 19052 17824 "GET /mvtu/author/8/ HTTP/1.1" 200 1626
INFO 2025-01-23 15:24:25,639 basehttp 19052 17824 "GET /mvtu/post/76/ HTTP/1.1" 200 1115
WARNING 2025-01-23 15:24:38,614 log 19052 17824 Not Found: /mvtu/author/12/
WARNING 2025-01-23 15:24:38,626 basehttp 19052 17824 "GET /mvtu/author/12/ HTTP/1.1" 404 5535
INFO 2025-01-23 23:19:25,465 autoreload 18256 12888 Watching for file changes with StatReloader
INFO 2025-01-23 23:19:30,735 basehttp 18256 17648 "GET / HTTP/1.1" 200 310
WARNING 2025-01-23 23:19:39,675 log 18256 17648 Not Found: /user/add
WARNING 2025-01-23 23:19:39,675 basehttp 18256 17648 "GET /user/add HTTP/1.1" 404 2792
INFO 2025-01-23 23:19:56,767 basehttp 18256 17648 "GET /forms/user/add HTTP/1.1" 301 0
INFO 2025-01-23 23:19:56,816 basehttp 18256 13484 "GET /forms/user/add/ HTTP/1.1" 200 838
INFO 2025-01-23 23:21:35,042 basehttp 18256 13484 "POST /forms/user/add/ HTTP/1.1" 200 884
INFO 2025-01-23 23:22:29,893 basehttp 18256 13484 "POST /forms/user/add/ HTTP/1.1" 200 884
INFO 2025-01-23 23:22:40,156 basehttp 18256 13484 "POST /forms/user/add/ HTTP/1.1" 200 885
INFO 2025-01-23 23:23:14,139 basehttp 18256 13484 "POST /forms/user/add/ HTTP/1.1" 200 885
INFO 2025-01-23 23:23:14,560 autoreload 18256 12888 C:\Users\chiffka\Documents\Django_Course\myproject\formsapp\views.py changed, reloading.
INFO 2025-01-23 23:23:15,192 autoreload 14896 8056 Watching for file changes with StatReloader
INFO 2025-01-23 23:23:28,457 basehttp 14896 11844 "POST /forms/user/add/ HTTP/1.1" 200 885
INFO 2025-01-23 23:24:02,063 autoreload 14896 8056 C:\Users\chiffka\Documents\Django_Course\myproject\formsapp\views.py changed, reloading.
INFO 2025-01-23 23:24:02,719 autoreload 9976 16192 Watching for file changes with StatReloader
INFO 2025-01-23 23:24:06,440 basehttp 9976 9644 "POST /forms/user/add/ HTTP/1.1" 200 885
INFO 2025-01-23 23:29:43,921 autoreload 9976 16192 C:\Users\chiffka\Documents\Django_Course\myproject\myproject\settings.py changed, reloading.
INFO 2025-01-23 23:29:44,665 autoreload 16428 16900 Watching for file changes with StatReloader
INFO 2025-01-23 23:29:58,598 basehttp 16428 13068 "POST /forms/user/add/ HTTP/1.1" 200 885
INFO 2025-01-23 23:30:02,676 basehttp 16428 13068 "POST /forms/user/add/ HTTP/1.1" 200 885
INFO 2025-01-23 23:30:30,207 basehttp 16428 13068 "POST /forms/user/add/ HTTP/1.1" 200 886
INFO 2025-01-23 23:32:54,764 autoreload 16428 16900 C:\Users\chiffka\Documents\Django_Course\myproject\formsapp\forms.py changed, reloading.
INFO 2025-01-23 23:32:55,460 autoreload 9492 11892 Watching for file changes with StatReloader
INFO 2025-01-23 23:59:39,566 autoreload 12916 8804 Watching for file changes with StatReloader
ERROR 2025-01-24 00:00:38,017 log 12916 17444 Internal Server Error: /forms/many_fields_form
Traceback (most recent call last):
  File "C:\Users\chiffka\Documents\Django_Course\venv\Lib\site-packages\django\template\base.py", line 510, in parse
    compile_func = self.tags[command]
                   ~~~~~~~~~^^^^^^^^^
KeyError: 'endblock'

During handling of the above exception, another exception occurred:

Traceback (most recent call last):
  File "C:\Users\chiffka\Documents\Django_Course\venv\Lib\site-packages\django\core\handlers\exception.py", line 55, in inner
    response = get_response(request)
               ^^^^^^^^^^^^^^^^^^^^^
  File "C:\Users\chiffka\Documents\Django_Course\venv\Lib\site-packages\django\core\handlers\base.py", line 197, in _get_response
    response = wrapped_callback(request, *callback_args, **callback_kwargs)
               ^^^^^^^^^^^^^^^^^^^^^^^^^^^^^^^^^^^^^^^^^^^^^^^^^^^^^^^^^^^^
  File "C:\Users\chiffka\Documents\Django_Course\myproject\formsapp\views.py", line 31, in many_fields_form
    return render(request, 'formsapp/many_fields_form.html', {'form': form})
           ^^^^^^^^^^^^^^^^^^^^^^^^^^^^^^^^^^^^^^^^^^^^^^^^^^^^^^^^^^^^^^^^^
  File "C:\Users\chiffka\Documents\Django_Course\venv\Lib\site-packages\django\shortcuts.py", line 25, in render
    content = loader.render_to_string(template_name, context, request, using=using)
              ^^^^^^^^^^^^^^^^^^^^^^^^^^^^^^^^^^^^^^^^^^^^^^^^^^^^^^^^^^^^^^^^^^^^^
  File "C:\Users\chiffka\Documents\Django_Course\venv\Lib\site-packages\django\template\loader.py", line 61, in render_to_string
    template = get_template(template_name, using=using)
               ^^^^^^^^^^^^^^^^^^^^^^^^^^^^^^^^^^^^^^^^
  File "C:\Users\chiffka\Documents\Django_Course\venv\Lib\site-packages\django\template\loader.py", line 15, in get_template
    return engine.get_template(template_name)
           ^^^^^^^^^^^^^^^^^^^^^^^^^^^^^^^^^^
  File "C:\Users\chiffka\Documents\Django_Course\venv\Lib\site-packages\django\template\backends\django.py", line 79, in get_template
    return Template(self.engine.get_template(template_name), self)
                    ^^^^^^^^^^^^^^^^^^^^^^^^^^^^^^^^^^^^^^^
  File "C:\Users\chiffka\Documents\Django_Course\venv\Lib\site-packages\django\template\engine.py", line 177, in get_template
    template, origin = self.find_template(template_name)
                       ^^^^^^^^^^^^^^^^^^^^^^^^^^^^^^^^^
  File "C:\Users\chiffka\Documents\Django_Course\venv\Lib\site-packages\django\template\engine.py", line 159, in find_template
    template = loader.get_template(name, skip=skip)
               ^^^^^^^^^^^^^^^^^^^^^^^^^^^^^^^^^^^^
  File "C:\Users\chiffka\Documents\Django_Course\venv\Lib\site-packages\django\template\loaders\cached.py", line 57, in get_template
    template = super().get_template(template_name, skip)
               ^^^^^^^^^^^^^^^^^^^^^^^^^^^^^^^^^^^^^^^^^
  File "C:\Users\chiffka\Documents\Django_Course\venv\Lib\site-packages\django\template\loaders\base.py", line 28, in get_template
    return Template(
           ^^^^^^^^^
  File "C:\Users\chiffka\Documents\Django_Course\venv\Lib\site-packages\django\template\base.py", line 154, in __init__
    self.nodelist = self.compile_nodelist()
                    ^^^^^^^^^^^^^^^^^^^^^^^
  File "C:\Users\chiffka\Documents\Django_Course\venv\Lib\site-packages\django\template\base.py", line 196, in compile_nodelist
    nodelist = parser.parse()
               ^^^^^^^^^^^^^^
  File "C:\Users\chiffka\Documents\Django_Course\venv\Lib\site-packages\django\template\base.py", line 518, in parse
    raise self.error(token, e)
  File "C:\Users\chiffka\Documents\Django_Course\venv\Lib\site-packages\django\template\base.py", line 516, in parse
    compiled_result = compile_func(self, token)
                      ^^^^^^^^^^^^^^^^^^^^^^^^^
  File "C:\Users\chiffka\Documents\Django_Course\venv\Lib\site-packages\django\template\loader_tags.py", line 295, in do_extends
    nodelist = parser.parse()
               ^^^^^^^^^^^^^^
  File "C:\Users\chiffka\Documents\Django_Course\venv\Lib\site-packages\django\template\base.py", line 512, in parse
    self.invalid_block_tag(token, command, parse_until)
  File "C:\Users\chiffka\Documents\Django_Course\venv\Lib\site-packages\django\template\base.py", line 573, in invalid_block_tag
    raise self.error(
django.template.exceptions.TemplateSyntaxError: Invalid block tag on line 3: 'endblock'. Did you forget to register or load this tag?
ERROR 2025-01-24 00:00:38,017 basehttp 12916 17444 "GET /forms/many_fields_form HTTP/1.1" 500 151202
INFO 2025-01-24 00:02:17,187 basehttp 12916 17444 "GET /forms/many_fields_form HTTP/1.1" 200 1513
ERROR 2025-01-24 00:04:04,568 log 12916 17444 Internal Server Error: /forms/many_fields_form
Traceback (most recent call last):
  File "C:\Users\chiffka\Documents\Django_Course\venv\Lib\site-packages\django\core\handlers\exception.py", line 55, in inner
    response = get_response(request)
               ^^^^^^^^^^^^^^^^^^^^^
  File "C:\Users\chiffka\Documents\Django_Course\venv\Lib\site-packages\django\core\handlers\base.py", line 197, in _get_response
    response = wrapped_callback(request, *callback_args, **callback_kwargs)
               ^^^^^^^^^^^^^^^^^^^^^^^^^^^^^^^^^^^^^^^^^^^^^^^^^^^^^^^^^^^^
  File "C:\Users\chiffka\Documents\Django_Course\myproject\formsapp\views.py", line 25, in many_fields_form
    form = ManyFieldsForm(request.FORM)
                          ^^^^^^^^^^^^
AttributeError: 'WSGIRequest' object has no attribute 'FORM'
ERROR 2025-01-24 00:04:04,569 basehttp 12916 17444 "POST /forms/many_fields_form HTTP/1.1" 500 68811
INFO 2025-01-24 00:06:34,819 autoreload 12916 8804 C:\Users\chiffka\Documents\Django_Course\myproject\formsapp\views.py changed, reloading.
INFO 2025-01-24 00:06:35,424 autoreload 16944 15740 Watching for file changes with StatReloader
INFO 2025-01-24 00:06:37,662 basehttp 16944 13672 "GET /forms/many_fields_form HTTP/1.1" 200 1513
INFO 2025-01-24 00:06:52,618 basehttp 16944 13672 "POST /forms/many_fields_form HTTP/1.1" 200 1589
INFO 2025-01-24 00:24:01,621 autoreload 16944 15740 C:\Users\chiffka\Documents\Django_Course\myproject\formsapp\forms.py changed, reloading.
INFO 2025-01-24 00:24:02,272 autoreload 16648 11400 Watching for file changes with StatReloader
INFO 2025-01-24 00:26:37,201 autoreload 16648 11400 C:\Users\chiffka\Documents\Django_Course\myproject\formsapp\forms.py changed, reloading.
INFO 2025-01-24 00:26:37,821 autoreload 14100 17360 Watching for file changes with StatReloader
INFO 2025-01-24 00:26:52,536 autoreload 14100 17360 C:\Users\chiffka\Documents\Django_Course\myproject\formsapp\views.py changed, reloading.
INFO 2025-01-24 00:26:53,083 autoreload 11844 3200 Watching for file changes with StatReloader
INFO 2025-01-24 00:27:51,460 autoreload 11844 3200 C:\Users\chiffka\Documents\Django_Course\myproject\formsapp\views.py changed, reloading.
INFO 2025-01-24 00:27:52,016 autoreload 16944 16044 Watching for file changes with StatReloader
INFO 2025-01-24 00:28:26,627 basehttp 16944 12836 "POST /forms/many_fields_form HTTP/1.1" 200 2289
INFO 2025-01-24 00:29:44,562 basehttp 16944 12836 "POST /forms/many_fields_form HTTP/1.1" 200 2265
INFO 2025-01-24 00:31:30,646 autoreload 16944 16044 C:\Users\chiffka\Documents\Django_Course\myproject\formsapp\forms.py changed, reloading.
INFO 2025-01-24 00:31:31,640 autoreload 17196 7840 Watching for file changes with StatReloader
INFO 2025-01-24 00:31:38,970 basehttp 17196 18020 "POST /forms/many_fields_form HTTP/1.1" 200 2265
INFO 2025-01-24 00:31:45,320 basehttp 17196 18020 "POST /forms/many_fields_form HTTP/1.1" 200 2265
INFO 2025-01-24 00:33:15,506 autoreload 17196 7840 C:\Users\chiffka\Documents\Django_Course\myproject\formsapp\forms.py changed, reloading.
INFO 2025-01-24 00:33:16,131 autoreload 19080 16740 Watching for file changes with StatReloader
INFO 2025-01-24 01:55:32,943 autoreload 19352 17144 Watching for file changes with StatReloader
INFO 2025-01-24 01:55:47,125 basehttp 19352 19220 "GET /forms/user HTTP/1.1" 301 0
INFO 2025-01-24 01:55:47,156 basehttp 19352 12556 "GET /forms/user/ HTTP/1.1" 200 877
INFO 2025-01-24 01:57:27,614 basehttp 19352 12556 "POST /forms/user/ HTTP/1.1" 200 931
INFO 2025-01-24 01:57:47,571 autoreload 19352 17144 C:\Users\chiffka\Documents\Django_Course\myproject\formsapp\forms.py changed, reloading.
INFO 2025-01-24 01:57:48,237 autoreload 15340 8092 Watching for file changes with StatReloader
INFO 2025-01-24 01:58:56,225 autoreload 15340 8092 C:\Users\chiffka\Documents\Django_Course\myproject\formsapp\forms.py changed, reloading.
INFO 2025-01-24 01:58:56,774 autoreload 15848 1380 Watching for file changes with StatReloader
INFO 2025-01-24 01:58:58,073 basehttp 15848 5520 "GET /forms/user/ HTTP/1.1" 200 877
INFO 2025-01-24 01:59:11,671 basehttp 15848 5520 "POST /forms/user/ HTTP/1.1" 200 1164
INFO 2025-01-24 01:59:23,916 basehttp 15848 5520 "POST /forms/user/ HTTP/1.1" 200 941
INFO 2025-01-24 02:00:42,779 autoreload 15848 1380 C:\Users\chiffka\Documents\Django_Course\myproject\formsapp\views.py changed, reloading.
INFO 2025-01-24 02:00:43,479 autoreload 18588 2868 Watching for file changes with StatReloader
INFO 2025-01-24 02:02:33,300 autoreload 18588 2868 C:\Users\chiffka\Documents\Django_Course\myproject\formsapp\forms.py changed, reloading.
INFO 2025-01-24 02:02:33,974 autoreload 14308 15672 Watching for file changes with StatReloader
INFO 2025-01-24 02:21:37,302 autoreload 8840 17256 Watching for file changes with StatReloader
INFO 2025-01-24 02:21:46,682 basehttp 8840 8684 "GET /forms/upload HTTP/1.1" 301 0
ERROR 2025-01-24 02:21:46,745 log 8840 1180 Internal Server Error: /forms/upload/
Traceback (most recent call last):
  File "C:\Users\chiffka\Documents\Django_Course\venv\Lib\site-packages\django\template\base.py", line 510, in parse
    compile_func = self.tags[command]
                   ~~~~~~~~~^^^^^^^^^
KeyError: 'csrf-token'

During handling of the above exception, another exception occurred:

Traceback (most recent call last):
  File "C:\Users\chiffka\Documents\Django_Course\venv\Lib\site-packages\django\core\handlers\exception.py", line 55, in inner
    response = get_response(request)
               ^^^^^^^^^^^^^^^^^^^^^
  File "C:\Users\chiffka\Documents\Django_Course\venv\Lib\site-packages\django\core\handlers\base.py", line 197, in _get_response
    response = wrapped_callback(request, *callback_args, **callback_kwargs)
               ^^^^^^^^^^^^^^^^^^^^^^^^^^^^^^^^^^^^^^^^^^^^^^^^^^^^^^^^^^^^
  File "C:\Users\chiffka\Documents\Django_Course\myproject\formsapp\views.py", line 73, in upload_image
    return render(request, 'formsapp/upload_image.html', {'form': form})
           ^^^^^^^^^^^^^^^^^^^^^^^^^^^^^^^^^^^^^^^^^^^^^^^^^^^^^^^^^^^^^
  File "C:\Users\chiffka\Documents\Django_Course\venv\Lib\site-packages\django\shortcuts.py", line 25, in render
    content = loader.render_to_string(template_name, context, request, using=using)
              ^^^^^^^^^^^^^^^^^^^^^^^^^^^^^^^^^^^^^^^^^^^^^^^^^^^^^^^^^^^^^^^^^^^^^
  File "C:\Users\chiffka\Documents\Django_Course\venv\Lib\site-packages\django\template\loader.py", line 61, in render_to_string
    template = get_template(template_name, using=using)
               ^^^^^^^^^^^^^^^^^^^^^^^^^^^^^^^^^^^^^^^^
  File "C:\Users\chiffka\Documents\Django_Course\venv\Lib\site-packages\django\template\loader.py", line 15, in get_template
    return engine.get_template(template_name)
           ^^^^^^^^^^^^^^^^^^^^^^^^^^^^^^^^^^
  File "C:\Users\chiffka\Documents\Django_Course\venv\Lib\site-packages\django\template\backends\django.py", line 79, in get_template
    return Template(self.engine.get_template(template_name), self)
                    ^^^^^^^^^^^^^^^^^^^^^^^^^^^^^^^^^^^^^^^
  File "C:\Users\chiffka\Documents\Django_Course\venv\Lib\site-packages\django\template\engine.py", line 177, in get_template
    template, origin = self.find_template(template_name)
                       ^^^^^^^^^^^^^^^^^^^^^^^^^^^^^^^^^
  File "C:\Users\chiffka\Documents\Django_Course\venv\Lib\site-packages\django\template\engine.py", line 159, in find_template
    template = loader.get_template(name, skip=skip)
               ^^^^^^^^^^^^^^^^^^^^^^^^^^^^^^^^^^^^
  File "C:\Users\chiffka\Documents\Django_Course\venv\Lib\site-packages\django\template\loaders\cached.py", line 57, in get_template
    template = super().get_template(template_name, skip)
               ^^^^^^^^^^^^^^^^^^^^^^^^^^^^^^^^^^^^^^^^^
  File "C:\Users\chiffka\Documents\Django_Course\venv\Lib\site-packages\django\template\loaders\base.py", line 28, in get_template
    return Template(
           ^^^^^^^^^
  File "C:\Users\chiffka\Documents\Django_Course\venv\Lib\site-packages\django\template\base.py", line 154, in __init__
    self.nodelist = self.compile_nodelist()
                    ^^^^^^^^^^^^^^^^^^^^^^^
  File "C:\Users\chiffka\Documents\Django_Course\venv\Lib\site-packages\django\template\base.py", line 196, in compile_nodelist
    nodelist = parser.parse()
               ^^^^^^^^^^^^^^
  File "C:\Users\chiffka\Documents\Django_Course\venv\Lib\site-packages\django\template\base.py", line 518, in parse
    raise self.error(token, e)
  File "C:\Users\chiffka\Documents\Django_Course\venv\Lib\site-packages\django\template\base.py", line 516, in parse
    compiled_result = compile_func(self, token)
                      ^^^^^^^^^^^^^^^^^^^^^^^^^
  File "C:\Users\chiffka\Documents\Django_Course\venv\Lib\site-packages\django\template\loader_tags.py", line 295, in do_extends
    nodelist = parser.parse()
               ^^^^^^^^^^^^^^
  File "C:\Users\chiffka\Documents\Django_Course\venv\Lib\site-packages\django\template\base.py", line 518, in parse
    raise self.error(token, e)
  File "C:\Users\chiffka\Documents\Django_Course\venv\Lib\site-packages\django\template\base.py", line 516, in parse
    compiled_result = compile_func(self, token)
                      ^^^^^^^^^^^^^^^^^^^^^^^^^
  File "C:\Users\chiffka\Documents\Django_Course\venv\Lib\site-packages\django\template\loader_tags.py", line 234, in do_block
    nodelist = parser.parse(("endblock",))
               ^^^^^^^^^^^^^^^^^^^^^^^^^^^
  File "C:\Users\chiffka\Documents\Django_Course\venv\Lib\site-packages\django\template\base.py", line 512, in parse
    self.invalid_block_tag(token, command, parse_until)
  File "C:\Users\chiffka\Documents\Django_Course\venv\Lib\site-packages\django\template\base.py", line 563, in invalid_block_tag
    raise self.error(
django.template.exceptions.TemplateSyntaxError: Invalid block tag on line 8: 'csrf-token', expected 'endblock'. Did you forget to register or load this tag?
ERROR 2025-01-24 02:21:46,745 basehttp 8840 1180 "GET /forms/upload/ HTTP/1.1" 500 165979
INFO 2025-01-24 02:23:48,598 basehttp 8840 1180 "GET /forms/upload/ HTTP/1.1" 200 679
INFO 2025-01-24 02:24:31,110 basehttp 8840 1180 "POST /forms/upload/ HTTP/1.1" 200 679
